<?xml version="1.0" encoding="UTF-8"?>
<!-- Generated by org.testng.reporters.JUnitXMLReporter -->
<testsuite ignored="0" hostname="LAPTOP-AVFG8GHG" failures="0" tests="5" name="Test" time="71.633" errors="0" timestamp="2023-02-13T12:11:13 IST">
  <testcase classname="testcases.Dashboardlogintestcase" name="dashboardpage" time="7.259"/>
  <testcase classname="testcases.Admintestcases" name="toverifyusername" time="6.298"/>
  <testcase classname="testcases.LoginpageTest" name="validlogincredentials" time="1.512"/>
  <testcase classname="testcases.Leavemoduletestcases" name="login" time="0.971"/>
  <testcase classname="testcases.Leavemoduletestcases" name="leavemodule" time="13.229"/>
</testsuite> <!-- Test -->
