<?xml version="1.0" encoding="UTF-8"?>
<!-- Generated by org.testng.reporters.JUnitXMLReporter -->
<testsuite ignored="5" hostname="LAPTOP-AVFG8GHG" failures="0" tests="0" time="0.015" errors="0" timestamp="2023-02-13T16:44:01 IST">
  <testcase classname="testcases.Leavemoduletestcases" name="leavemodule" time="0.0">
    <ignored/>
  </testcase> <!-- leavemodule -->
  <testcase classname="testcases.Admintestcases" name="toverifyusername" time="0.0">
    <ignored/>
  </testcase> <!-- toverifyusername -->
  <testcase classname="testcases.LoginpageTest" name="validlogincredentials" time="0.0">
    <ignored/>
  </testcase> <!-- validlogincredentials -->
  <testcase classname="testcases.Leavemoduletestcases" name="login" time="0.0">
    <ignored/>
  </testcase> <!-- login -->
  <testcase classname="testcases.Dashboardlogintestcase" name="dashboardpage" time="0.0">
    <ignored/>
  </testcase> <!-- dashboardpage -->
</testsuite>
