<?xml version="1.0" encoding="UTF-8"?>
<testng-results ignored="0" total="1" passed="1" failed="0" skipped="0">
  <reporter-output>
  </reporter-output>
  <suite started-at="2023-02-13T13:47:47 IST" name="Default suite" finished-at="2023-02-13T13:47:59 IST" duration-ms="12031">
    <groups>
      <group name="smoke">
        <method signature="LoginpageTest.validlogincredentials()[pri:0, instance:testcases.LoginpageTest@1e6454ec]" name="validlogincredentials" class="testcases.LoginpageTest"/>
      </group> <!-- smoke -->
    </groups>
    <test started-at="2023-02-13T13:47:47 IST" name="Default test" finished-at="2023-02-13T13:47:59 IST" duration-ms="12031">
      <class name="testcases.LoginpageTest">
        <test-method is-config="true" signature="setupbrowser()[pri:0, instance:testcases.LoginpageTest@1e6454ec]" started-at="2023-02-13T13:47:47 IST" name="setupbrowser" finished-at="2023-02-13T13:47:58 IST" duration-ms="10516" status="PASS">
          <reporter-output>
          </reporter-output>
        </test-method> <!-- setupbrowser -->
        <test-method signature="validlogincredentials()[pri:0, instance:testcases.LoginpageTest@1e6454ec]" started-at="2023-02-13T13:47:58 IST" name="validlogincredentials" finished-at="2023-02-13T13:47:59 IST" duration-ms="1233" status="PASS">
          <reporter-output>
          </reporter-output>
        </test-method> <!-- validlogincredentials -->
        <test-method is-config="true" signature="closethebrowser()[pri:0, instance:testcases.LoginpageTest@1e6454ec]" started-at="2023-02-13T13:47:59 IST" name="closethebrowser" finished-at="2023-02-13T13:47:59 IST" duration-ms="227" status="PASS">
          <reporter-output>
          </reporter-output>
        </test-method> <!-- closethebrowser -->
      </class> <!-- testcases.LoginpageTest -->
    </test> <!-- Default test -->
  </suite> <!-- Default suite -->
</testng-results>
